This is pdfTeX, Version 3.14159265-2.6-1.40.15 (MiKTeX 2.9 64-bit) (preloaded format=pdflatex 2016.5.24)  25 AUG 2017 23:35
entering extended mode
**Introduction.tex
(Introduction.tex
LaTeX2e <2014/05/01>
Babel <3.9l> and hyphenation patterns for 68 languages loaded.
("C:\Program Files\LaTex\tex\latex\base\report.cls"
Document Class: report 2014/09/29 v1.4h Standard LaTeX document class
("C:\Program Files\LaTex\tex\latex\base\size12.clo"
File: size12.clo 2014/09/29 v1.4h Standard LaTeX file (size option)
)
\c@part=\count79
\c@chapter=\count80
\c@section=\count81
\c@subsection=\count82
\c@subsubsection=\count83
\c@paragraph=\count84
\c@subparagraph=\count85
\c@figure=\count86
\c@table=\count87
\abovecaptionskip=\skip41
\belowcaptionskip=\skip42
\bibindent=\dimen102
)
("C:\Program Files\LaTex\tex\latex\graphics\graphicx.sty"
Package: graphicx 2014/10/28 v1.0g Enhanced LaTeX Graphics (DPC,SPQR)

("C:\Program Files\LaTex\tex\latex\graphics\keyval.sty"
Package: keyval 2014/10/28 v1.15 key=value parser (DPC)
\KV@toks@=\toks14
)
("C:\Program Files\LaTex\tex\latex\graphics\graphics.sty"
Package: graphics 2014/10/28 v1.0p Standard LaTeX Graphics (DPC,SPQR)

("C:\Program Files\LaTex\tex\latex\graphics\trig.sty"
Package: trig 1999/03/16 v1.09 sin cos tan (DPC)
)
("C:\Program Files\LaTex\tex\latex\00miktex\graphics.cfg"
File: graphics.cfg 2007/01/18 v1.5 graphics configuration of teTeX/TeXLive
)
Package graphics Info: Driver file: pdftex.def on input line 91.

("C:\Program Files\LaTex\tex\latex\pdftex-def\pdftex.def"
File: pdftex.def 2011/05/27 v0.06d Graphics/color for pdfTeX

("C:\Program Files\LaTex\tex\generic\oberdiek\infwarerr.sty"
Package: infwarerr 2010/04/08 v1.3 Providing info/warning/error messages (HO)
)
("C:\Program Files\LaTex\tex\generic\oberdiek\ltxcmds.sty"
Package: ltxcmds 2011/11/09 v1.22 LaTeX kernel commands for general use (HO)
)
\Gread@gobject=\count88
))
\Gin@req@height=\dimen103
\Gin@req@width=\dimen104
)
("C:\Program Files\LaTex\tex\latex\setspace\setspace.sty"
Package: setspace 2011/12/19 v6.7a set line spacing
) (Introduction.aux)
LaTeX Font Info:    Checking defaults for OML/cmm/m/it on input line 7.
LaTeX Font Info:    ... okay on input line 7.
LaTeX Font Info:    Checking defaults for T1/cmr/m/n on input line 7.
LaTeX Font Info:    ... okay on input line 7.
LaTeX Font Info:    Checking defaults for OT1/cmr/m/n on input line 7.
LaTeX Font Info:    ... okay on input line 7.
LaTeX Font Info:    Checking defaults for OMS/cmsy/m/n on input line 7.
LaTeX Font Info:    ... okay on input line 7.
LaTeX Font Info:    Checking defaults for OMX/cmex/m/n on input line 7.
LaTeX Font Info:    ... okay on input line 7.
LaTeX Font Info:    Checking defaults for U/cmr/m/n on input line 7.
LaTeX Font Info:    ... okay on input line 7.

("C:\Program Files\LaTex\tex\context\base\supp-pdf.mkii"
[Loading MPS to PDF converter (version 2006.09.02).]
\scratchcounter=\count89
\scratchdimen=\dimen105
\scratchbox=\box26
\nofMPsegments=\count90
\nofMParguments=\count91
\everyMPshowfont=\toks15
\MPscratchCnt=\count92
\MPscratchDim=\dimen106
\MPnumerator=\count93
\makeMPintoPDFobject=\count94
\everyMPtoPDFconversion=\toks16
)
Chapter 1.
[1


{C:/ProgramData/MiKTeX/2.9/pdftex/config/pdftex.map}] [2] [3]
LaTeX Font Info:    External font `cmex10' loaded for size
(Font)              <12> on input line 22.
LaTeX Font Info:    External font `cmex10' loaded for size
(Font)              <8> on input line 22.
LaTeX Font Info:    External font `cmex10' loaded for size
(Font)              <6> on input line 22.
 [4] [5]
[6] [7] [8] [9] [10] <anatpos.jpg, id=39, 1132.23pt x 623.32875pt>
File: anatpos.jpg Graphic file (type jpg)

<use anatpos.jpg>
Package pdftex.def Info: anatpos.jpg used on input line 78.
(pdftex.def)             Requested size: 390.0pt x 214.70624pt.
Missing character: There is no Î in font cmr12!
Missing character: There is no ¼ in font cmr12!
Missing character: There is no Î in font cmr12!
Missing character: There is no ¼ in font cmr12!
 [11] [12 <./anatpos.jpg>]
<SCOriResp.jpg, id=46, 1154.3125pt x 1346.02875pt>
File: SCOriResp.jpg Graphic file (type jpg)
 <use SCOriResp.jpg>
Package pdftex.def Info: SCOriResp.jpg used on input line 94.
(pdftex.def)             Requested size: 390.0pt x 454.7683pt.


LaTeX Warning: Float too large for page by 17.7683pt on input line 97.

<rangeoritun.jpg, id=47, 1028.84375pt x 467.7475pt>
File: rangeoritun.jpg Graphic file (type jpg)
 <use rangeoritun.jpg>
Package pdftex.def Info: rangeoritun.jpg used on input line 101.
(pdftex.def)             Requested size: 390.0pt x 177.31052pt.

<cvlampos.jpg, id=48, 915.42pt x 361.35pt>
File: cvlampos.jpg Graphic file (type jpg)
 <use cvlampos.jpg>
Package pdftex.def Info: cvlampos.jpg used on input line 113.
(pdftex.def)             Requested size: 390.0pt x 153.9439pt.
 [13] [14 <./SCOriResp.jpg>] [15 <./rangeoritun.jpg> <./cvlampos.jpg>]
<cumsum_sf_SC_LGN.jpg, id=60, 1619.04875pt x 637.38126pt>
File: cumsum_sf_SC_LGN.jpg Graphic file (type jpg)

<use cumsum_sf_SC_LGN.jpg>
Package pdftex.def Info: cumsum_sf_SC_LGN.jpg used on input line 126.
(pdftex.def)             Requested size: 390.0pt x 153.52898pt.
 [16 <./cumsum_sf_SC_LGN.jpg>]
<SCOptOrth.jpg, id=64, 920.43875pt x 457.71pt>
File: SCOptOrth.jpg Graphic file (type jpg)
 <use SCOptOrth.jpg>
Package pdftex.def Info: SCOptOrth.jpg used on input line 138.
(pdftex.def)             Requested size: 390.0pt x 193.94101pt.

<SCSFTuning.jpg, id=65, 756.8275pt x 440.64626pt>
File: SCSFTuning.jpg Graphic file (type jpg)
 <use SCSFTuning.jpg>
Package pdftex.def Info: SCSFTuning.jpg used on input line 147.
(pdftex.def)             Requested size: 390.0pt x 227.06647pt.

<SCvgeniculostriate.jpg, id=66, 1069.9975pt x 660.4675pt>
File: SCvgeniculostriate.jpg Graphic file (type jpg)

<use SCvgeniculostriate.jpg>
Package pdftex.def Info: SCvgeniculostriate.jpg used on input line 154.
(pdftex.def)             Requested size: 390.0pt x 240.73102pt.
Missing character: There is no â in font cmr12!
Missing character: There is no € in font cmr12!
Missing character: There is no ” in font cmr12!
Missing character: There is no â in font cmr12!
Missing character: There is no € in font cmr12!
Missing character: There is no ” in font cmr12!
 [17] [18 <./SCOptOrth.jpg>] [19 <./SCSFTuning.jpg>] [20 <./SCvgeniculostriate.
jpg>] [21] [22]
Overfull \hbox (12.37457pt too wide) in paragraph at lines 174--174
[]\OT1/cmr/bx/n/14.4 Comparison with pre-vi-ous su-pe-rior col-licu-lus stud-
 []

Missing character: There is no â in font cmr12!
Missing character: There is no € in font cmr12!
Missing character: There is no ” in font cmr12!
[23] [24]
Missing character: There is no â in font cmr12!
Missing character: There is no € in font cmr12!
Missing character: There is no ” in font cmr12!
Missing character: There is no â in font cmr12!
Missing character: There is no € in font cmr12!
Missing character: There is no ” in font cmr12!
 [25] [26] (Introduction.aux) ) 
Here is how much of TeX's memory you used:
 1229 strings out of 493698
 16076 string characters out of 3146415
 72752 words of memory out of 3000000
 4586 multiletter control sequences out of 15000+200000
 8500 words of font info for 30 fonts, out of 3000000 for 9000
 1025 hyphenation exceptions out of 8191
 27i,5n,19p,1326b,213s stack positions out of 5000i,500n,10000p,200000b,50000s
<C:/Program Files/LaTex/fonts/type1/public/amsfo
nts/cm/cmbx12.pfb><C:/Program Files/LaTex/fonts/type1/public/amsfonts/cm/cmmi12
.pfb><C:/Program Files/LaTex/fonts/type1/public/amsfonts/cm/cmmi8.pfb><C:/Progr
am Files/LaTex/fonts/type1/public/amsfonts/cm/cmr12.pfb><C:/Program Files/LaTex
/fonts/type1/public/amsfonts/cm/cmr8.pfb><C:/Program Files/LaTex/fonts/type1/pu
blic/amsfonts/cm/cmsy10.pfb><C:/Program Files/LaTex/fonts/type1/public/amsfonts
/cm/cmsy8.pfb>
Output written on Introduction.pdf (26 pages, 4532982 bytes).
PDF statistics:
 122 PDF objects out of 1000 (max. 8388607)
 0 named destinations out of 1000 (max. 500000)
 41 words of extra memory for PDF output out of 10000 (max. 10000000)
