This is pdfTeX, Version 3.14159265-2.6-1.40.15 (MiKTeX 2.9 64-bit) (preloaded format=pdflatex 2016.5.24)  16 MAR 2017 16:11
entering extended mode
**main.tex
(main.tex
LaTeX2e <2014/05/01>
Babel <3.9l> and hyphenation patterns for 68 languages loaded.
("C:\Program Files\LaTex\tex\latex\base\report.cls"
Document Class: report 2014/09/29 v1.4h Standard LaTeX document class
("C:\Program Files\LaTex\tex\latex\base\size10.clo"
File: size10.clo 2014/09/29 v1.4h Standard LaTeX file (size option)
)
\c@part=\count79
\c@chapter=\count80
\c@section=\count81
\c@subsection=\count82
\c@subsubsection=\count83
\c@paragraph=\count84
\c@subparagraph=\count85
\c@figure=\count86
\c@table=\count87
\abovecaptionskip=\skip41
\belowcaptionskip=\skip42
\bibindent=\dimen102
)
("C:\Program Files\LaTex\tex\latex\graphics\graphicx.sty"
Package: graphicx 2014/10/28 v1.0g Enhanced LaTeX Graphics (DPC,SPQR)

("C:\Program Files\LaTex\tex\latex\graphics\keyval.sty"
Package: keyval 2014/10/28 v1.15 key=value parser (DPC)
\KV@toks@=\toks14
)
("C:\Program Files\LaTex\tex\latex\graphics\graphics.sty"
Package: graphics 2014/10/28 v1.0p Standard LaTeX Graphics (DPC,SPQR)

("C:\Program Files\LaTex\tex\latex\graphics\trig.sty"
Package: trig 1999/03/16 v1.09 sin cos tan (DPC)
)
("C:\Program Files\LaTex\tex\latex\00miktex\graphics.cfg"
File: graphics.cfg 2007/01/18 v1.5 graphics configuration of teTeX/TeXLive
)
Package graphics Info: Driver file: pdftex.def on input line 91.

("C:\Program Files\LaTex\tex\latex\pdftex-def\pdftex.def"
File: pdftex.def 2011/05/27 v0.06d Graphics/color for pdfTeX

("C:\Program Files\LaTex\tex\generic\oberdiek\infwarerr.sty"
Package: infwarerr 2010/04/08 v1.3 Providing info/warning/error messages (HO)
)
("C:\Program Files\LaTex\tex\generic\oberdiek\ltxcmds.sty"
Package: ltxcmds 2011/11/09 v1.22 LaTeX kernel commands for general use (HO)
)
\Gread@gobject=\count88
))
\Gin@req@height=\dimen103
\Gin@req@width=\dimen104
) (main.aux

LaTeX Warning: Label `fig:fig1' multiply defined.


LaTeX Warning: Label `fig:fig2' multiply defined.


LaTeX Warning: Label `fig:fig3' multiply defined.

)
LaTeX Font Info:    Checking defaults for OML/cmm/m/it on input line 9.
LaTeX Font Info:    ... okay on input line 9.
LaTeX Font Info:    Checking defaults for T1/cmr/m/n on input line 9.
LaTeX Font Info:    ... okay on input line 9.
LaTeX Font Info:    Checking defaults for OT1/cmr/m/n on input line 9.
LaTeX Font Info:    ... okay on input line 9.
LaTeX Font Info:    Checking defaults for OMS/cmsy/m/n on input line 9.
LaTeX Font Info:    ... okay on input line 9.
LaTeX Font Info:    Checking defaults for OMX/cmex/m/n on input line 9.
LaTeX Font Info:    ... okay on input line 9.
LaTeX Font Info:    Checking defaults for U/cmr/m/n on input line 9.
LaTeX Font Info:    ... okay on input line 9.
 ("C:\Program Files\LaTex\tex\context\base\supp-pdf.mkii"
[Loading MPS to PDF converter (version 2006.09.02).]
\scratchcounter=\count89
\scratchdimen=\dimen105
\scratchbox=\box26
\nofMPsegments=\count90
\nofMParguments=\count91
\everyMPshowfont=\toks15
\MPscratchCnt=\count92
\MPscratchDim=\dimen106
\MPnumerator=\count93
\makeMPintoPDFobject=\count94
\everyMPtoPDFconversion=\toks16
)
LaTeX Font Info:    External font `cmex10' loaded for size
(Font)              <12> on input line 10.
LaTeX Font Info:    External font `cmex10' loaded for size
(Font)              <8> on input line 10.
LaTeX Font Info:    External font `cmex10' loaded for size
(Font)              <6> on input line 10.
 [1

{C:/ProgramData/MiKTeX/2.9/pdftex/config/pdftex.map}] (main.toc
LaTeX Font Info:    External font `cmex10' loaded for size
(Font)              <7> on input line 5.
LaTeX Font Info:    External font `cmex10' loaded for size
(Font)              <5> on input line 5.
 [1

])
\tf@toc=\write3

(acknowledgements.tex [2]
Chapter 1.
) (abstract.tex [3

]
Chapter 2.
) (introduction.tex [4

]
Chapter 3.
) (litrev.tex [5

]
Chapter 4.
[6

] [7] [8] [9] [10]
Missing character: There is no Œ in font cmr10!
Missing character: There is no ± in font cmr10!
Missing character: There is no Œ in font cmr10!
Missing character: There is no ≤ in font cmr10!
 [11] [12] [13] [14]
Missing character: There is no ‚ in font cmr10!
Missing character: There is no Ä in font cmr10!
Missing character: There is no ú in font cmr10!
Missing character: There is no ‚ in font cmr10!
Missing character: There is no Ä in font cmr10!
Missing character: There is no ù in font cmr10!
Missing character: There is no ‚ in font cmr10!
Missing character: There is no Ä in font cmr10!
Missing character: There is no ò in font cmr10!
 [15]) (methods.tex [16]
Chapter 5.

Overfull \hbox (5.21358pt too wide) in paragraph at lines 6--7
\OT1/cmr/m/n/10 and xy-lazine (Var-ied dosage). Once the an-i-mals were anaes-t
hetised, tra-cheostomy
 []

[17

] [18] [19] [20]) (sc.tex [21]
Chapter 6.
[22

] [23] [24] [25]
Overfull \hbox (1.8894pt too wide) in paragraph at lines 41--42
[]\OT1/cmr/m/n/10 Peri-stimulus-time-histograms (PSTHs) were gen-er-ated on-lin
e us-ing the spike
 []

[26] <SCLaminarPosition.jpg, id=96, 761.09344pt x 338.01282pt>
File: SCLaminarPosition.jpg Graphic file (type jpg)

<use SCLaminarPosition.jpg>
Package pdftex.def Info: SCLaminarPosition.jpg used on input line 68.
(pdftex.def)             Requested size: 345.0pt x 153.22356pt.
Missing character: There is no Œ in font cmr10!
Missing character: There is no º in font cmr10!
Missing character: There is no Œ in font cmr10!
Missing character: There is no º in font cmr10!
 [27 <./SCLaminarPosition.jpg>]
<SCOriResp.jpg, id=100, 727.21687pt x 499.11469pt>
File: SCOriResp.jpg Graphic file (type jpg)
 <use SCOriResp.jpg>
Package pdftex.def Info: SCOriResp.jpg used on input line 84.
(pdftex.def)             Requested size: 345.0pt x 236.79253pt.
Missing character: There is no ‚ in font cmr10!
Missing character: There is no Ä in font cmr10!
Missing character: There is no ô in font cmr10!
Missing character: There is no ‚ in font cmr10!
Missing character: There is no Ä in font cmr10!
Missing character: There is no ô in font cmr10!

<SCOriTuning.jpg, id=101, 726.46407pt x 255.95625pt>
File: SCOriTuning.jpg Graphic file (type jpg)
 <use SCOriTuning.jpg>
Package pdftex.def Info: SCOriTuning.jpg used on input line 94.
(pdftex.def)             Requested size: 345.0pt x 121.55704pt.

<SCCircVar.jpg, id=102, 485.56406pt x 382.42876pt>
File: SCCircVar.jpg Graphic file (type jpg)
 <use SCCircVar.jpg>
Package pdftex.def Info: SCCircVar.jpg used on input line 106.
(pdftex.def)             Requested size: 345.0pt x 271.71887pt.
 [28 <./SCOriResp.jpg>] [29 <./SCOriTuning.jpg> <./SCCircVar.jpg>]
<SCOptOrth.jpg, id=110, 405.76593pt x 232.61906pt>
File: SCOptOrth.jpg Graphic file (type jpg)
 <use SCOptOrth.jpg>
Package pdftex.def Info: SCOptOrth.jpg used on input line 121.
(pdftex.def)             Requested size: 345.0pt x 197.78746pt.

<SCSFTuning.jpg, id=111, 405.76593pt x 232.61906pt>
File: SCSFTuning.jpg Graphic file (type jpg)
 <use SCSFTuning.jpg>
Package pdftex.def Info: SCSFTuning.jpg used on input line 130.
(pdftex.def)             Requested size: 345.0pt x 197.78746pt.

<SCvgeniculostriate.jpg, id=112, 1069.9975pt x 660.4675pt>
File: SCvgeniculostriate.jpg Graphic file (type jpg)

<use SCvgeniculostriate.jpg>
Package pdftex.def Info: SCvgeniculostriate.jpg used on input line 137.
(pdftex.def)             Requested size: 345.0pt x 212.9563pt.
 [30 <./SCOptOrth.jpg>] [31 <./SCSFTuning.jpg> <./SCvgeniculostriate.jpg>] [32]
) (RadialBias.tex [33]
Chapter 7.
[34

] [35] [36] <method.jpg, id=136, 3001.2125pt x 2029.5825pt>
File: method.jpg Graphic file (type jpg)

<use method.jpg>
Package pdftex.def Info: method.jpg used on input line 48.
(pdftex.def)             Requested size: 345.0pt x 233.28868pt.
 [37] [38 <./method.jpg>]
<method_ROI.jpg, id=143, 326.6604pt x 179.2296pt>
File: method_ROI.jpg Graphic file (type jpg)
 <use method_ROI.jpg>
Package pdftex.def Info: method_ROI.jpg used on input line 65.
(pdftex.def)             Requested size: 345.0pt x 189.29327pt.
 [39 <./method_ROI.jpg>] <figure1.jpg, id=147, 519.3804pt x 348.8232pt>
File: figure1.jpg Graphic file (type jpg)

<use figure1.jpg>
Package pdftex.def Info: figure1.jpg used on input line 87.
(pdftex.def)             Requested size: 345.0pt x 231.7037pt.
 <figure2.jpg, id=148, 798.8244pt x 352.1958pt>
File: figure2.jpg Graphic file (type jpg)

<use figure2.jpg>
Package pdftex.def Info: figure2.jpg used on input line 94.
(pdftex.def)             Requested size: 345.0pt x 152.10762pt.
 <figure3.jpg, id=149, 601.7682pt x 269.808pt>
File: figure3.jpg Graphic file (type jpg)

<use figure3.jpg>
Package pdftex.def Info: figure3.jpg used on input line 101.
(pdftex.def)             Requested size: 345.0pt x 154.68553pt.
) (issues.tex [40 <./figure1.jpg>] [41 <./figure2.jpg> <./figure3.jpg>]
Chapter 8.
) [42

] (main.aux)

LaTeX Warning: There were multiply-defined labels.

 ) 
Here is how much of TeX's memory you used:
 1246 strings out of 493698
 16090 string characters out of 3146415
 89497 words of memory out of 3000000
 4577 multiletter control sequences out of 15000+200000
 9107 words of font info for 32 fonts, out of 3000000 for 9000
 1025 hyphenation exceptions out of 8191
 27i,6n,19p,1980b,215s stack positions out of 5000i,500n,10000p,200000b,50000s
<C:/Program Files/LaTex/fonts/type1/public/amsfonts/cm/cmbx10.pfb><C:/Program
 Files/LaTex/fonts/type1/public/amsfonts/cm/cmbx12.pfb><C:/Program Files/LaTex/
fonts/type1/public/amsfonts/cm/cmmi10.pfb><C:/Program Files/LaTex/fonts/type1/p
ublic/amsfonts/cm/cmmi7.pfb><C:/Program Files/LaTex/fonts/type1/public/amsfonts
/cm/cmr10.pfb><C:/Program Files/LaTex/fonts/type1/public/amsfonts/cm/cmr12.pfb>
<C:/Program Files/LaTex/fonts/type1/public/amsfonts/cm/cmr17.pfb><C:/Program Fi
les/LaTex/fonts/type1/public/amsfonts/cm/cmr7.pfb><C:/Program Files/LaTex/fonts
/type1/public/amsfonts/cm/cmsy10.pfb><C:/Program Files/LaTex/fonts/type1/public
/amsfonts/cm/cmsy7.pfb>
Output written on main.pdf (43 pages, 4997306 bytes).
PDF statistics:
 194 PDF objects out of 1000 (max. 8388607)
 0 named destinations out of 1000 (max. 500000)
 61 words of extra memory for PDF output out of 10000 (max. 10000000)

