This is pdfTeX, Version 3.14159265-2.6-1.40.15 (MiKTeX 2.9 64-bit) (preloaded format=pdflatex 2016.5.24)  22 MAR 2018 23:54
entering extended mode
**main4.tex
(main4.tex
LaTeX2e <2014/05/01>
Babel <3.9l> and hyphenation patterns for 68 languages loaded.
("C:\Program Files\LaTex\tex\latex\base\report.cls"
Document Class: report 2014/09/29 v1.4h Standard LaTeX document class
("C:\Program Files\LaTex\tex\latex\base\size10.clo"
File: size10.clo 2014/09/29 v1.4h Standard LaTeX file (size option)
)
\c@part=\count79
\c@chapter=\count80
\c@section=\count81
\c@subsection=\count82
\c@subsubsection=\count83
\c@paragraph=\count84
\c@subparagraph=\count85
\c@figure=\count86
\c@table=\count87
\abovecaptionskip=\skip41
\belowcaptionskip=\skip42
\bibindent=\dimen102
)
("C:\Program Files\LaTex\tex\latex\graphics\graphicx.sty"
Package: graphicx 2014/10/28 v1.0g Enhanced LaTeX Graphics (DPC,SPQR)

("C:\Program Files\LaTex\tex\latex\graphics\keyval.sty"
Package: keyval 2014/10/28 v1.15 key=value parser (DPC)
\KV@toks@=\toks14
)
("C:\Program Files\LaTex\tex\latex\graphics\graphics.sty"
Package: graphics 2014/10/28 v1.0p Standard LaTeX Graphics (DPC,SPQR)

("C:\Program Files\LaTex\tex\latex\graphics\trig.sty"
Package: trig 1999/03/16 v1.09 sin cos tan (DPC)
)
("C:\Program Files\LaTex\tex\latex\00miktex\graphics.cfg"
File: graphics.cfg 2007/01/18 v1.5 graphics configuration of teTeX/TeXLive
)
Package graphics Info: Driver file: pdftex.def on input line 91.

("C:\Program Files\LaTex\tex\latex\pdftex-def\pdftex.def"
File: pdftex.def 2011/05/27 v0.06d Graphics/color for pdfTeX

("C:\Program Files\LaTex\tex\generic\oberdiek\infwarerr.sty"
Package: infwarerr 2010/04/08 v1.3 Providing info/warning/error messages (HO)
)
("C:\Program Files\LaTex\tex\generic\oberdiek\ltxcmds.sty"
Package: ltxcmds 2011/11/09 v1.22 LaTeX kernel commands for general use (HO)
)
\Gread@gobject=\count88
))
\Gin@req@height=\dimen103
\Gin@req@width=\dimen104
)
("C:\Program Files\LaTex\tex\latex\setspace\setspace.sty"
Package: setspace 2011/12/19 v6.7a set line spacing
)
("C:\Program Files\LaTex\tex\latex\apacite\apacite.sty"
Package: apacite 2013/07/21 v6.03 APA citation
\c@BibCnt=\count89
\bibleftmargin=\skip43
\bibindent=\skip44
\bibparsep=\skip45
\bibitemsep=\skip46
\biblabelsep=\skip47
)
("C:\Program Files\LaTex\tex\latex\ltxmisc\here.sty")
("C:\Program Files\LaTex\tex\latex\geometry\geometry.sty"
Package: geometry 2010/09/12 v5.6 Page Geometry

("C:\Program Files\LaTex\tex\generic\oberdiek\ifpdf.sty"
Package: ifpdf 2011/01/30 v2.3 Provides the ifpdf switch (HO)
Package ifpdf Info: pdfTeX in PDF mode is detected.
)
("C:\Program Files\LaTex\tex\generic\oberdiek\ifvtex.sty"
Package: ifvtex 2010/03/01 v1.5 Detect VTeX and its facilities (HO)
Package ifvtex Info: VTeX not detected.
)
("C:\Program Files\LaTex\tex\generic\ifxetex\ifxetex.sty"
Package: ifxetex 2010/09/12 v0.6 Provides ifxetex conditional
)
\Gm@cnth=\count90
\Gm@cntv=\count91
\c@Gm@tempcnt=\count92
\Gm@bindingoffset=\dimen105
\Gm@wd@mp=\dimen106
\Gm@odd@mp=\dimen107
\Gm@even@mp=\dimen108
\Gm@layoutwidth=\dimen109
\Gm@layoutheight=\dimen110
\Gm@layouthoffset=\dimen111
\Gm@layoutvoffset=\dimen112
\Gm@dimlist=\toks15

("C:\Program Files\LaTex\tex\latex\geometry\geometry.cfg"))

LaTeX Warning: Unused global option(s):
    [12].

(main4.aux

LaTeX Warning: Label `fig:lp' multiply defined.

)
LaTeX Font Info:    Checking defaults for OML/cmm/m/it on input line 15.
LaTeX Font Info:    ... okay on input line 15.
LaTeX Font Info:    Checking defaults for T1/cmr/m/n on input line 15.
LaTeX Font Info:    ... okay on input line 15.
LaTeX Font Info:    Checking defaults for OT1/cmr/m/n on input line 15.
LaTeX Font Info:    ... okay on input line 15.
LaTeX Font Info:    Checking defaults for OMS/cmsy/m/n on input line 15.
LaTeX Font Info:    ... okay on input line 15.
LaTeX Font Info:    Checking defaults for OMX/cmex/m/n on input line 15.
LaTeX Font Info:    ... okay on input line 15.
LaTeX Font Info:    Checking defaults for U/cmr/m/n on input line 15.
LaTeX Font Info:    ... okay on input line 15.
 ("C:\Program Files\LaTex\tex\context\base\supp-pdf.mkii"
[Loading MPS to PDF converter (version 2006.09.02).]
\scratchcounter=\count93
\scratchdimen=\dimen113
\scratchbox=\box26
\nofMPsegments=\count94
\nofMParguments=\count95
\everyMPshowfont=\toks16
\MPscratchCnt=\count96
\MPscratchDim=\dimen114
\MPnumerator=\count97
\makeMPintoPDFobject=\count98
\everyMPtoPDFconversion=\toks17
)
\c@maskedRefs=\count99
 ("C:\Program Files\LaTex\tex\latex\apacite\english.apc"
File: english.apc 2013/07/21 v6.03 apacite language file
LaTeX Info: Redefining \BPBI on input line 129.
LaTeX Info: Redefining \BHBI on input line 130.
)
*geometry* driver: auto-detecting
*geometry* detected driver: pdftex
*geometry* verbose mode - [ preamble ] result:
* driver: pdftex
* paper: a4paper
* layout: <same size as paper>
* layoutoffset:(h,v)=(0.0pt,0.0pt)
* modes: 
* h-part:(L,W,R)=(81.94394pt, 433.62pt, 81.94394pt)
* v-part:(T,H,B)=(77.84674pt, 650.43pt, 116.77011pt)
* \paperwidth=597.50787pt
* \paperheight=845.04684pt
* \textwidth=433.62pt
* \textheight=650.43pt
* \oddsidemargin=9.67395pt
* \evensidemargin=9.67395pt
* \topmargin=-31.42325pt
* \headheight=12.0pt
* \headsep=25.0pt
* \topskip=10.0pt
* \footskip=30.0pt
* \marginparwidth=65.0pt
* \marginparsep=11.0pt
* \columnsep=10.0pt
* \skip\footins=9.0pt plus 4.0pt minus 2.0pt
* \hoffset=0.0pt
* \voffset=0.0pt
* \mag=1000
* \@twocolumnfalse
* \@twosidefalse
* \@mparswitchfalse
* \@reversemarginfalse
* (1in=72.27pt=25.4mm, 1cm=28.453pt)

LaTeX Font Info:    External font `cmex10' loaded for size
(Font)              <12> on input line 16.
LaTeX Font Info:    External font `cmex10' loaded for size
(Font)              <8> on input line 16.
LaTeX Font Info:    External font `cmex10' loaded for size
(Font)              <6> on input line 16.
[1

{C:/ProgramData/MiKTeX/2.9/pdftex/config/pdftex.map}] (main4.toc
LaTeX Font Info:    External font `cmex10' loaded for size
(Font)              <7> on input line 4.
LaTeX Font Info:    External font `cmex10' loaded for size
(Font)              <5> on input line 4.
 [1

])
\tf@toc=\write3

(int/introduction.tex [2]
Chapter 1.
) (litrev/litreview.tex [3

]
Chapter 2.
[4

] <litrev/HW1962.jpg, id=23, 597.73312pt x 231.11343pt>
File: litrev/HW1962.jpg Graphic file (type jpg)

<use litrev/HW1962.jpg>
Package pdftex.def Info: litrev/HW1962.jpg used on input line 19.
(pdftex.def)             Requested size: 433.62pt x 167.6605pt.
 [5 <./litrev/HW1962.jpg>] [6]) (Methods/methods.tex
[7]
Chapter 3.
Missing character: There is no ‚ in font cmr10!
Missing character: There is no Ä in font cmr10!
Missing character: There is no ô in font cmr10!
Missing character: There is no ‚ in font cmr10!
Missing character: There is no Ä in font cmr10!
Missing character: There is no ò in font cmr10!
Missing character: There is no ‚ in font cmr10!
Missing character: There is no Ä in font cmr10!
Missing character: There is no ô in font cmr10!
[8

] [9]
Missing character: There is no Œ in font cmr10!
Missing character: There is no © in font cmr10!
Missing character: There is no ‚ in font cmr10!
Missing character: There is no Ä in font cmr10!
Missing character: There is no ò in font cmr10!
Missing character: There is no ‚ in font cmr10!
Missing character: There is no Ä in font cmr10!
Missing character: There is no ô in font cmr10!
Missing character: There is no Œ in font cmr10!
Missing character: There is no º in font cmr10!
Missing character: There is no ‚ in font cmr10!
Missing character: There is no Ä in font cmr10!
Missing character: There is no ô in font cmr10!
 [10]
Missing character: There is no œ in font cmr10!
Missing character: There is no É in font cmr10!
 [11] <methods/SDF_movingbar.jpg, id=46, 708.6475pt x 548.0475pt>
File: methods/SDF_movingbar.jpg Graphic file (type jpg)

<use methods/SDF_movingbar.jpg>
Package pdftex.def Info: methods/SDF_movingbar.jpg used on input line 43.
(pdftex.def)             Requested size: 433.62pt x 335.3538pt.
Missing character: There is no ‚ in font cmr10!
Missing character: There is no Ä in font cmr10!
Missing character: There is no ô in font cmr10!
Missing character: There is no ‚ in font cmr10!
Missing character: There is no Ä in font cmr10!
Missing character: There is no ô in font cmr10!
Missing character: There is no ‚ in font cmr10!
Missing character: There is no Ä in font cmr10!
Missing character: There is no ò in font cmr10!
Missing character: There is no ‚ in font cmr10!
Missing character: There is no Ä in font cmr10!
Missing character: There is no ô in font cmr10!
Missing character: There is no ‚ in font cmr10!
Missing character: There is no Ä in font cmr10!
Missing character: There is no ô in font cmr10!
Missing character: There is no ‚ in font cmr10!
Missing character: There is no Ä in font cmr10!
Missing character: There is no ò in font cmr10!
Missing character: There is no ‚ in font cmr10!
Missing character: There is no Ä in font cmr10!
Missing character: There is no ô in font cmr10!
Missing character: There is no ‚ in font cmr10!
Missing character: There is no Ä in font cmr10!
Missing character: There is no ô in font cmr10!
 [12 <./methods/SDF_movingbar.jpg>]
<methods/Fourier.jpg, id=51, 1927.2pt x 919.435pt>
File: methods/Fourier.jpg Graphic file (type jpg)
 <use methods/Fourier.jpg>
Package pdftex.def Info: methods/Fourier.jpg used on input line 51.
(pdftex.def)             Requested size: 433.62pt x 206.86394pt.
Missing character: There is no ‚ in font cmr10!
Missing character: There is no Ä in font cmr10!
Missing character: There is no ò in font cmr10!
Missing character: There is no ‚ in font cmr10!
Missing character: There is no Ä in font cmr10!
Missing character: There is no ô in font cmr10!
Missing character: There is no ‚ in font cmr10!
Missing character: There is no Ä in font cmr10!
Missing character: There is no ò in font cmr10!
Missing character: There is no ‚ in font cmr10!
Missing character: There is no Ä in font cmr10!
Missing character: There is no ô in font cmr10!
Missing character: There is no ‚ in font cmr10!
Missing character: There is no Ä in font cmr10!
Missing character: There is no ì in font cmr10!

[13 <./methods/Fourier.jpg>] [14]
Missing character: There is no ‚ in font cmr10!
Missing character: There is no Ä in font cmr10!
Missing character: There is no ô in font cmr10!
Missing character: There is no ‚ in font cmr10!
Missing character: There is no Ä in font cmr10!
Missing character: There is no ô in font cmr10!
 [15]
Missing character: There is no Œ in font cmr10!
Missing character: There is no º in font cmr10!
 [16]
Missing character: There is no ‚ in font cmr10!
Missing character: There is no Ä in font cmr10!
Missing character: There is no ò in font cmr10!
Missing character: There is no ‚ in font cmr10!
Missing character: There is no Ä in font cmr10!
Missing character: There is no ô in font cmr10!

<methods/OI_timecourse2.jpg, id=64, 705.63625pt x 567.11874pt>
File: methods/OI_timecourse2.jpg Graphic file (type jpg)

<use methods/OI_timecourse2.jpg>
Package pdftex.def Info: methods/OI_timecourse2.jpg used on input line 106.
(pdftex.def)             Requested size: 433.62pt x 348.50337pt.
 [17]
<methods/filters.jpg, id=68, 1421.31pt x 1048.91875pt>
File: methods/filters.jpg Graphic file (type jpg)

<use methods/filters.jpg>
Package pdftex.def Info: methods/filters.jpg used on input line 117.
(pdftex.def)             Requested size: 433.62pt x 320.00778pt.
 [18 <./methods/OI_timecourse2.jpg>])
(rb/RadialBias.tex [19 <./methods/filters.jpg>]
Chapter 4.
[20

] [21] [22] [23]
Missing character: There is no ‚ in font cmr10!
Missing character: There is no Ä in font cmr10!
Missing character: There is no ô in font cmr10!
Missing character: There is no ‚ in font cmr10!
Missing character: There is no Ä in font cmr10!
Missing character: There is no ò in font cmr10!
Missing character: There is no ‚ in font cmr10!
Missing character: There is no Ä in font cmr10!
Missing character: There is no ô in font cmr10!
 [24]
Missing character: There is no ¬ in font cmr10!
Missing character: There is no Æ in font cmr10!
 [25] [26]
Missing character: There is no ‚ in font cmr10!
Missing character: There is no Ä in font cmr10!
Missing character: There is no ô in font cmr10!
Missing character: There is no ‚ in font cmr10!
Missing character: There is no Ä in font cmr10!
Missing character: There is no î in font cmr10!
 [27]
<rb/FinalFigures/ROI.jpg, id=101, 2133.9725pt x 2019.545pt>
File: rb/FinalFigures/ROI.jpg Graphic file (type jpg)

<use rb/FinalFigures/ROI.jpg>
Package pdftex.def Info: rb/FinalFigures/ROI.jpg used on input line 71.
(pdftex.def)             Requested size: 433.62pt x 410.37315pt.
 [28] [29 <./rb/FinalFigures/ROI.jpg>] [30]
<rb/scms.jpg, id=113, 2779.38374pt x 1341.01pt>
File: rb/scms.jpg Graphic file (type jpg)
 <use rb/scms.jpg>
Package pdftex.def Info: rb/scms.jpg used on input line 93.
(pdftex.def)             Requested size: 433.62pt x 209.2049pt.
 [31] [32 <./rb/scms.jpg>] <rb/figure1.jpg, id=120, 519.3804pt x 348.8232pt>
File: rb/figure1.jpg Graphic file (type jpg)

<use rb/figure1.jpg>
Package pdftex.def Info: rb/figure1.jpg used on input line 103.
(pdftex.def)             Requested size: 433.62pt x 291.22641pt.
 <rb/figure2.jpg, id=121, 798.8244pt x 352.1958pt>
File: rb/figure2.jpg Graphic file (type jpg)

<use rb/figure2.jpg>
Package pdftex.def Info: rb/figure2.jpg used on input line 111.
(pdftex.def)             Requested size: 433.62pt x 191.17711pt.
 [33 <./rb/figure1.jpg>]
<rb/FinalFigures/ROIhist.jpg, id=125, 2549.525pt x 1130.2225pt>
File: rb/FinalFigures/ROIhist.jpg Graphic file (type jpg)

<use rb/FinalFigures/ROIhist.jpg>
Package pdftex.def Info: rb/FinalFigures/ROIhist.jpg used on input line 121.
(pdftex.def)             Requested size: 433.62pt x 192.22151pt.
 [34 <./rb/figure2.jpg>] [35 <./rb/FinalFigures/ROIhist.jpg>] <rb/FinalFigures/
s3.jpg, id=133, 994.71625pt x 1016.79875pt>
File: rb/FinalFigures/s3.jpg Graphic file (type jpg)

<use rb/FinalFigures/s3.jpg>
Package pdftex.def Info: rb/FinalFigures/s3.jpg used on input line 133.
(pdftex.def)             Requested size: 433.62pt x 443.2503pt.
Missing character: There is no œ in font cmr10!
Missing character: There is no á in font cmr10!
Missing character: There is no œ in font cmr10!
Missing character: There is no á in font cmr10!
 [36]
<rb/FinalFigures/s4.jpg, id=138, 1032.85875pt x 1016.79875pt>
File: rb/FinalFigures/s4.jpg Graphic file (type jpg)

<use rb/FinalFigures/s4.jpg>
Package pdftex.def Info: rb/FinalFigures/s4.jpg used on input line 140.
(pdftex.def)             Requested size: 433.62pt x 426.8819pt.
 [37 <./rb/FinalFigures/s3.jpg>] [38 <./rb/FinalFigures/s4.jpg>] <rb/FinalFigur
es/mua.jpg, id=145, 2030.58624pt x 798.985pt>
File: rb/FinalFigures/mua.jpg Graphic file (type jpg)

<use rb/FinalFigures/mua.jpg>
Package pdftex.def Info: rb/FinalFigures/mua.jpg used on input line 148.
(pdftex.def)             Requested size: 433.62pt x 170.60803pt.
 [39 <./rb/FinalFigures/mua.jpg>]
Missing character: There is no ‚ in font cmr10!
Missing character: There is no Ä in font cmr10!
Missing character: There is no ò in font cmr10!
Missing character: There is no ‚ in font cmr10!
Missing character: There is no Ä in font cmr10!
Missing character: There is no ô in font cmr10!
 [40] [41]
[42] [43]) (superiorcolliculus/sc.tex [44]
Chapter 5.
[45

] [46] [47] [48]
Missing character: There is no Œ in font cmr10!
Missing character: There is no © in font cmr10!
Missing character: There is no Œ in font cmr10!
Missing character: There is no º in font cmr10!
 [49]
Missing character: There is no œ in font cmr10!
Missing character: There is no É in font cmr10!
 [50]
Missing character: There is no Œ in font cmr10!
Missing character: There is no ∏ in font cmr10!
 [51]
Missing character: There is no ‚ in font cmr10!
Missing character: There is no Ä in font cmr10!
Missing character: There is no ò in font cmr10!
Missing character: There is no ‚ in font cmr10!
Missing character: There is no Ä in font cmr10!
Missing character: There is no ô in font cmr10!

<superiorcolliculus/SCOptOrth.jpg, id=187, 920.43875pt x 457.71pt>
File: superiorcolliculus/SCOptOrth.jpg Graphic file (type jpg)

<use superiorcolliculus/SCOptOrth.jpg>
Package pdftex.def Info: superiorcolliculus/SCOptOrth.jpg used on input line 80
.
(pdftex.def)             Requested size: 433.62pt x 215.63358pt.
 [52] [53 <./superiorcolliculus/SCOptOrth.jpg>]

LaTeX Warning: No positions in optional float specifier.
               Default added (so using `tbp') on input line 100.

<superiorcolliculus/anatpos.jpg, id=194, 1132.23pt x 623.32875pt>
File: superiorcolliculus/anatpos.jpg Graphic file (type jpg)

<use superiorcolliculus/anatpos.jpg>
Package pdftex.def Info: superiorcolliculus/anatpos.jpg used on input line 102.

(pdftex.def)             Requested size: 433.62pt x 238.72208pt.
Missing character: There is no ¬ in font cmr10!
Missing character: There is no ± in font cmr10!


LaTeX Warning: No positions in optional float specifier.
               Default added (so using `tbp') on input line 114.

<superiorcolliculus/orituning_fig.jpg, id=195, 1686.3pt x 889.3225pt>
File: superiorcolliculus/orituning_fig.jpg Graphic file (type jpg)

<use superiorcolliculus/orituning_fig.jpg>
Package pdftex.def Info: superiorcolliculus/orituning_fig.jpg used on input lin
e 116.
(pdftex.def)             Requested size: 433.62pt x 228.6808pt.


LaTeX Warning: No positions in optional float specifier.
               Default added (so using `tbp') on input line 122.

<superiorcolliculus/rangeoritun.jpg, id=196, 2234.3475pt x 738.76pt>
File: superiorcolliculus/rangeoritun.jpg Graphic file (type jpg)

<use superiorcolliculus/rangeoritun.jpg>
Package pdftex.def Info: superiorcolliculus/rangeoritun.jpg used on input line 
123.
(pdftex.def)             Requested size: 433.62pt x 143.36435pt.


LaTeX Warning: No positions in optional float specifier.
               Default added (so using `tbp') on input line 129.

<superiorcolliculus/orituningcurve.jpg, id=197, 1410.26875pt x 1033.8625pt>
File: superiorcolliculus/orituningcurve.jpg Graphic file (type jpg)

<use superiorcolliculus/orituningcurve.jpg>
Package pdftex.def Info: superiorcolliculus/orituningcurve.jpg used on input li
ne 130.
(pdftex.def)             Requested size: 433.62pt x 317.87534pt.
 [54] [55 <./superiorcolliculus/anatpos.jpg> <./superiorcolliculus/orituning_fi
g.jpg>] [56 <./superiorcolliculus/rangeoritun.jpg> <./superiorcolliculus/oritun
ingcurve.jpg>]
<superiorcolliculus/cvvlampos.jpg, id=208, 780.9175pt x 559.08875pt>
File: superiorcolliculus/cvvlampos.jpg Graphic file (type jpg)

<use superiorcolliculus/cvvlampos.jpg>
Package pdftex.def Info: superiorcolliculus/cvvlampos.jpg used on input line 14
3.
(pdftex.def)             Requested size: 433.62pt x 310.44295pt.
 [57 <./superiorcolliculus/cvvlampos.jpg>]
<superiorcolliculus/directionselectivity_fig.jpg, id=212, 1178.4025pt x 522.953
75pt>
File: superiorcolliculus/directionselectivity_fig.jpg Graphic file (type jpg)
 <use superiorcolliculus/directionselectivity_fig.jpg>
Package pdftex.def Info: superiorcolliculus/directionselectivity_fig.jpg used o
n input line 152.
(pdftex.def)             Requested size: 433.62pt x 192.43654pt.

<superiorcolliculus/Directionselectivity.jpg, id=213, 996.72375pt x 615.29875pt
>
File: superiorcolliculus/Directionselectivity.jpg Graphic file (type jpg)
 <use superiorcolliculus/Directionselectivity.jpg>
Package pdftex.def Info: superiorcolliculus/Directionselectivity.jpg used on in
put line 158.
(pdftex.def)             Requested size: 433.62pt x 267.68095pt.
 [58 <./superiorcolliculus/directionselectivity_fig.jpg>]

LaTeX Warning: No positions in optional float specifier.
               Default added (so using `tbp') on input line 167.

<superiorcolliculus/cumsum_sf_SC_LGN.jpg, id=217, 1870.99pt x 694.595pt>
File: superiorcolliculus/cumsum_sf_SC_LGN.jpg Graphic file (type jpg)

<use superiorcolliculus/cumsum_sf_SC_LGN.jpg>
Package pdftex.def Info: superiorcolliculus/cumsum_sf_SC_LGN.jpg used on input 
line 168.
(pdftex.def)             Requested size: 433.62pt x 160.97234pt.
 [59 <./superiorcolliculus/Directionselectivity.jpg>]

LaTeX Warning: No positions in optional float specifier.
               Default added (so using `tbp') on input line 179.


<superiorcolliculus/orientation_bias_SG_geniculostriate_2.jpg, id=221, 724.7075
pt x 515.9275pt>
File: superiorcolliculus/orientation_bias_SG_geniculostriate_2.jpg Graphic file
 (type jpg)

<use superiorcolliculus/orientation_bias_SG_geniculostriate_2.jpg>
Package pdftex.def Info: superiorcolliculus/orientation_bias_SG_geniculostriate
_2.jpg used on input line 180.
(pdftex.def)             Requested size: 433.62pt x 308.70079pt.


LaTeX Warning: No positions in optional float specifier.
               Default added (so using `tbp') on input line 187.

<superiorcolliculus/CVvsOSI.jpg, id=222, 708.6475pt x 542.025pt>
File: superiorcolliculus/CVvsOSI.jpg Graphic file (type jpg)

<use superiorcolliculus/CVvsOSI.jpg>
Package pdftex.def Info: superiorcolliculus/CVvsOSI.jpg used on input line 188.

(pdftex.def)             Requested size: 433.62pt x 331.6686pt.
Missing character: There is no ‚ in font cmr10!
Missing character: There is no Ä in font cmr10!
Missing character: There is no ô in font cmr10!
 [60 <./superiorcolliculus/cumsum_sf_SC_LGN.jpg>] [61 <./superiorcolliculus/ori
entation_bias_SG_geniculostriate_2.jpg>]
[62 <./superiorcolliculus/CVvsOSI.jpg>]
<superiorcolliculus/sf_bandwidth.jpg, id=233, 708.6475pt x 542.025pt>
File: superiorcolliculus/sf_bandwidth.jpg Graphic file (type jpg)

<use superiorcolliculus/sf_bandwidth.jpg>
Package pdftex.def Info: superiorcolliculus/sf_bandwidth.jpg used on input line
 199.
(pdftex.def)             Requested size: 433.62pt x 331.6686pt.
 [63]
<superiorcolliculus/modulation_index.jpg, id=237, 562.1pt x 421.575pt>
File: superiorcolliculus/modulation_index.jpg Graphic file (type jpg)

<use superiorcolliculus/modulation_index.jpg>
Package pdftex.def Info: superiorcolliculus/modulation_index.jpg used on input 
line 209.
(pdftex.def)             Requested size: 433.62pt x 325.21199pt.
 [64 <./superiorcolliculus/sf_bandwidth.jpg>] [65 <./superiorcolliculus/modulat
ion_index.jpg>] [66]
Missing character: There is no ‚ in font cmr10!
Missing character: There is no Ä in font cmr10!
Missing character: There is no ì in font cmr10!
Missing character: There is no Œ in font cmr10!
Missing character: There is no º in font cmr10!
Missing character: There is no Œ in font cmr10!
Missing character: There is no º in font cmr10!
 [67])
(ShrewV1/ShrewV1.tex [68]
Chapter 6.
[69

] [70]
Missing character: There is no ‚ in font cmr10!
Missing character: There is no Ä in font cmr10!
Missing character: There is no ô in font cmr10!
 [71] [72] [73]
Missing character: There is no Œ in font cmr10!
Missing character: There is no © in font cmr10!
Missing character: There is no ‚ in font cmr10!
Missing character: There is no Ä in font cmr10!
Missing character: There is no ò in font cmr10!
Missing character: There is no ‚ in font cmr10!
Missing character: There is no Ä in font cmr10!
Missing character: There is no ô in font cmr10!
Missing character: There is no Œ in font cmr10!
Missing character: There is no º in font cmr10!
 [74] [75] [76]
<ShrewV1/LaminarPosition.jpg, id=282, 2094.82625pt x 1133.23375pt>
File: ShrewV1/LaminarPosition.jpg Graphic file (type jpg)

<use ShrewV1/LaminarPosition.jpg>
Package pdftex.def Info: ShrewV1/LaminarPosition.jpg used on input line 87.
(pdftex.def)             Requested size: 433.62pt x 234.56235pt.
 [77 <./ShrewV1/LaminarPosition.jpg>]
<ShrewV1/cv_lamina_2_bw.jpg, id=286, 554.07pt x 363.3575pt>
File: ShrewV1/cv_lamina_2_bw.jpg Graphic file (type jpg)

<use ShrewV1/cv_lamina_2_bw.jpg>
Package pdftex.def Info: ShrewV1/cv_lamina_2_bw.jpg used on input line 97.
(pdftex.def)             Requested size: 433.62pt x 284.36578pt.
 [78 <./ShrewV1/cv_lamina_2_bw.jpg>]
<ShrewV1/cmdiff.jpg, id=291, 671.50874pt x 444.66125pt>
File: ShrewV1/cmdiff.jpg Graphic file (type jpg)

<use ShrewV1/cmdiff.jpg>
Package pdftex.def Info: ShrewV1/cmdiff.jpg used on input line 107.
(pdftex.def)             Requested size: 433.62pt x 287.13338pt.
 <ShrewV1/cmlayer.jpg, id=292, 742.775pt x 465.74pt>
File: ShrewV1/cmlayer.jpg Graphic file (type jpg)

<use ShrewV1/cmlayer.jpg>
Package pdftex.def Info: ShrewV1/cmlayer.jpg used on input line 118.
(pdftex.def)             Requested size: 433.62pt x 271.89893pt.
 [79 <./ShrewV1/cmdiff.jpg>]
<ShrewV1/simulation.jpg, id=296, 1759.57375pt x 1366.10374pt>
File: ShrewV1/simulation.jpg Graphic file (type jpg)

<use ShrewV1/simulation.jpg>
Package pdftex.def Info: ShrewV1/simulation.jpg used on input line 126.
(pdftex.def)             Requested size: 433.62pt x 336.64735pt.
 [80 <./ShrewV1/cmlayer.jpg>]
<ShrewV1/sftuning_neurons_2.jpg, id=300, 1182.4175pt x 366.36874pt>
File: ShrewV1/sftuning_neurons_2.jpg Graphic file (type jpg)

<use ShrewV1/sftuning_neurons_2.jpg>
Package pdftex.def Info: ShrewV1/sftuning_neurons_2.jpg used on input line 137.

(pdftex.def)             Requested size: 433.62pt x 134.35239pt.
 [81 <./ShrewV1/simulation.jpg>]
<ShrewV1/layer4OSI_highres.jpg, id=304, 1663.21375pt x 1253.68375pt>
File: ShrewV1/layer4OSI_highres.jpg Graphic file (type jpg)

<use ShrewV1/layer4OSI_highres.jpg>
Package pdftex.def Info: ShrewV1/layer4OSI_highres.jpg used on input line 147.
(pdftex.def)             Requested size: 433.62pt x 326.84918pt.
 [82 <./ShrewV1/sftuning_neurons_2.jpg>]
[83 <./ShrewV1/layer4OSI_highres.jpg>]
<ShrewV1/sfsummary.jpg, id=311, 2283.53125pt x 953.5625pt>
File: ShrewV1/sfsummary.jpg Graphic file (type jpg)

<use ShrewV1/sfsummary.jpg>
Package pdftex.def Info: ShrewV1/sfsummary.jpg used on input line 155.
(pdftex.def)             Requested size: 433.62pt x 181.06235pt.
 [84 <./ShrewV1/sfsummary.jpg>] [85] [86])
(LinearV1/linv1.tex [87]
Chapter 7.
[88

] [89]

LaTeX Warning: No positions in optional float specifier.
               Default added (so using `tbp') on input line 20.

<LinearV1/scheme.jpg, id=331, 810.77907pt x 581.92406pt>
File: LinearV1/scheme.jpg Graphic file (type jpg)

<use LinearV1/scheme.jpg>
Package pdftex.def Info: LinearV1/scheme.jpg used on input line 22.
(pdftex.def)             Requested size: 433.62pt x 311.23306pt.
 [90] [91 <./LinearV1/scheme.jpg>]
Missing character: There is no ‚ in font cmr10!
Missing character: There is no Ä in font cmr10!
Missing character: There is no ú in font cmr10!
Missing character: There is no ‚ in font cmr10!
Missing character: There is no Ä in font cmr10!
Missing character: There is no ù in font cmr10!
 [92]
Missing character: There is no Œ in font cmr10!
Missing character: There is no © in font cmr10!
Missing character: There is no ‚ in font cmr10!
Missing character: There is no Ä in font cmr10!
Missing character: There is no ò in font cmr10!
Missing character: There is no ‚ in font cmr10!
Missing character: There is no Ä in font cmr10!
Missing character: There is no ô in font cmr10!
Missing character: There is no Œ in font cmr10!
Missing character: There is no º in font cmr10!
 [93]
Missing character: There is no œ in font cmr10!
Missing character: There is no É in font cmr10!
 [94]
[95] [96]

LaTeX Warning: No positions in optional float specifier.
               Default added (so using `tbp') on input line 113.

<LinearV1/simplecomplex.jpg, id=355, 460.8417pt x 166.4619pt>
File: LinearV1/simplecomplex.jpg Graphic file (type jpg)

<use LinearV1/simplecomplex.jpg>
Package pdftex.def Info: LinearV1/simplecomplex.jpg used on input line 115.
(pdftex.def)             Requested size: 433.62pt x 156.63675pt.


LaTeX Warning: No positions in optional float specifier.
               Default added (so using `tbp') on input line 122.

<LinearV1/segregationindex_colouradj.jpg, id=356, 742.775pt x 464.73625pt>
File: LinearV1/segregationindex_colouradj.jpg Graphic file (type jpg)

<use LinearV1/segregationindex_colouradj.jpg>
Package pdftex.def Info: LinearV1/segregationindex_colouradj.jpg used on input 
line 124.
(pdftex.def)             Requested size: 433.62pt x 271.31294pt.


LaTeX Warning: No positions in optional float specifier.
               Default added (so using `tbp') on input line 133.

<LinearV1/Biindex.jpg, id=357, 742.775pt x 464.73625pt>
File: LinearV1/Biindex.jpg Graphic file (type jpg)

<use LinearV1/Biindex.jpg>
Package pdftex.def Info: LinearV1/Biindex.jpg used on input line 135.
(pdftex.def)             Requested size: 433.62pt x 271.31294pt.
 [97 <./LinearV1/simplecomplex.jpg>]

LaTeX Warning: No positions in optional float specifier.
               Default added (so using `tbp') on input line 143.

<LinearV1/modind_layer_colour.jpg, id=361, 742.775pt x 464.73625pt>
File: LinearV1/modind_layer_colour.jpg Graphic file (type jpg)

<use LinearV1/modind_layer_colour.jpg>
Package pdftex.def Info: LinearV1/modind_layer_colour.jpg used on input line 14
5.
(pdftex.def)             Requested size: 433.62pt x 271.31294pt.


LaTeX Warning: No positions in optional float specifier.
               Default added (so using `tbp') on input line 154.

<LinearV1/Segindvsmodind.jpg, id=362, 702.625pt x 488.82625pt>
File: LinearV1/Segindvsmodind.jpg Graphic file (type jpg)

<use LinearV1/Segindvsmodind.jpg>
Package pdftex.def Info: LinearV1/Segindvsmodind.jpg used on input line 156.
(pdftex.def)             Requested size: 433.62pt x 301.68178pt.


LaTeX Warning: No positions in optional float specifier.
               Default added (so using `tbp') on input line 165.

<LinearV1/concneurons.jpg, id=363, 1983.41pt x 1413.28pt>
File: LinearV1/concneurons.jpg Graphic file (type jpg)

<use LinearV1/concneurons.jpg>
Package pdftex.def Info: LinearV1/concneurons.jpg used on input line 167.
(pdftex.def)             Requested size: 433.62pt x 308.96016pt.
 [98 <./LinearV1/segregationindex_colouradj.jpg>] [99 <./LinearV1/Biindex.jpg> 
<./LinearV1/modind_layer_colour.jpg>] [100 <./LinearV1/Segindvsmodind.jpg>]
<LinearV1/boct.jpg, id=373, 1302.8675pt x 539.01375pt>
File: LinearV1/boct.jpg Graphic file (type jpg)
 <use LinearV1/boct.jpg>
Package pdftex.def Info: LinearV1/boct.jpg used on input line 178.
(pdftex.def)             Requested size: 433.62pt x 179.39664pt.

[101 <./LinearV1/concneurons.jpg>]

LaTeX Warning: No positions in optional float specifier.
               Default added (so using `tbp') on input line 189.

<LinearV1/hwpksf2.jpg, id=377, 608.2725pt x 385.44pt>
File: LinearV1/hwpksf2.jpg Graphic file (type jpg)

<use LinearV1/hwpksf2.jpg>
Package pdftex.def Info: LinearV1/hwpksf2.jpg used on input line 191.
(pdftex.def)             Requested size: 433.62pt x 274.77588pt.
 [102 <./LinearV1/boct.jpg>] [103 <./LinearV1/hwpksf2.jpg>] [104] [105]) (main4
.bbl [106]
Underfull \hbox (badness 2503) in paragraph at lines 14--39
[]\OT1/cmr/m/n/10 Swisher, J. D., Gatenby, J. C., Gore, J. C., Wolfe, B. a., Mo
on, C.-H., Kim, S.-
 []


Underfull \hbox (badness 1917) in paragraph at lines 14--39
\OT1/cmr/m/n/10 G., & Tong, F.  (2010, jan).  Mul-ti-scale pat-tern anal-y-sis 
of orientation-selective
 []


Underfull \hbox (badness 3503) in paragraph at lines 14--39
\OT1/cmr/m/n/10 ac-tiv-ity in the pri-mary vi-sual cor-tex.  \OT1/cmr/m/it/10 T
he Jour-nal of neu-ro-science : the of-
 []


Underfull \hbox (badness 5050) in paragraph at lines 14--39
\OT1/cmr/m/it/10 fi-cial jour-nal of the So-ci-ety for Neu-ro-science\OT1/cmr/m
/n/10 , \OT1/cmr/m/it/10 30\OT1/cmr/m/n/10 (1), 325--30.  Re-trieved from
 []


Overfull \hbox (116.37546pt too wide) in paragraph at lines 14--39
\OT1/cmtt/m/n/10 http://www.pubmedcentral.nih.gov/articlerender.fcgi?artid=2823
298&tool=pmcentrez&rendertype=abstract
 []

) [107

] (main4.aux)

LaTeX Warning: There were multiply-defined labels.

 ) 
Here is how much of TeX's memory you used:
 2436 strings out of 493698
 35517 string characters out of 3146415
 98328 words of memory out of 3000000
 5692 multiletter control sequences out of 15000+200000
 9621 words of font info for 34 fonts, out of 3000000 for 9000
 1025 hyphenation exceptions out of 8191
 27i,6n,31p,2238b,218s stack positions out of 5000i,500n,10000p,200000b,50000s
<C:/Program Files/LaTex/fonts/type1/public/amsfonts/cm/cmbx10.pfb><C:/Program
 Files/LaTex/fonts/type1/public/amsfonts/cm/cmbx12.pfb><C:/Program Files/LaTex/
fonts/type1/public/amsfonts/cm/cmex10.pfb><C:/Program Files/LaTex/fonts/type1/p
ublic/amsfonts/cm/cmmi10.pfb><C:/Program Files/LaTex/fonts/type1/public/amsfont
s/cm/cmmi7.pfb><C:/Program Files/LaTex/fonts/type1/public/amsfonts/cm/cmr10.pfb
><C:/Program Files/LaTex/fonts/type1/public/amsfonts/cm/cmr12.pfb><C:/Program F
iles/LaTex/fonts/type1/public/amsfonts/cm/cmr17.pfb><C:/Program Files/LaTex/fon
ts/type1/public/amsfonts/cm/cmr7.pfb><C:/Program Files/LaTex/fonts/type1/public
/amsfonts/cm/cmsy10.pfb><C:/Program Files/LaTex/fonts/type1/public/amsfonts/cm/
cmsy7.pfb><C:/Program Files/LaTex/fonts/type1/public/amsfonts/cm/cmti10.pfb><C:
/Program Files/LaTex/fonts/type1/public/amsfonts/cm/cmtt10.pfb>
Output written on main4.pdf (108 pages, 17320128 bytes).
PDF statistics:
 443 PDF objects out of 1000 (max. 8388607)
 0 named destinations out of 1000 (max. 500000)
 216 words of extra memory for PDF output out of 10000 (max. 10000000)

